c:\users\paul\downloads\myflappybird\visual studio\obj\x64\debug\framework_egc\sceneinput.obj
c:\users\paul\downloads\myflappybird\visual studio\obj\x64\debug\framework_egc\mesh.obj
c:\users\paul\downloads\myflappybird\visual studio\obj\x64\debug\framework_egc\windowobject.obj
c:\users\paul\downloads\myflappybird\visual studio\obj\x64\debug\framework_egc\objects2d.obj
c:\users\paul\downloads\myflappybird\visual studio\obj\x64\debug\framework_egc\simplescene.obj
c:\users\paul\downloads\myflappybird\visual studio\obj\x64\debug\framework_egc\texture2d.obj
c:\users\paul\downloads\myflappybird\visual studio\obj\x64\debug\framework_egc\windowcallbacks.obj
c:\users\paul\downloads\myflappybird\visual studio\obj\x64\debug\framework_egc\bird.obj
c:\users\paul\downloads\myflappybird\visual studio\obj\x64\debug\framework_egc\main.obj
c:\users\paul\downloads\myflappybird\visual studio\obj\x64\debug\framework_egc\engine.obj
c:\users\paul\downloads\myflappybird\visual studio\obj\x64\debug\framework_egc\shader.obj
c:\users\paul\downloads\myflappybird\visual studio\obj\x64\debug\framework_egc\texturemanager.obj
c:\users\paul\downloads\myflappybird\visual studio\obj\x64\debug\framework_egc\world.obj
c:\users\paul\downloads\myflappybird\visual studio\obj\x64\debug\framework_egc\pipes.obj
c:\users\paul\downloads\myflappybird\visual studio\obj\x64\debug\framework_egc\camerainput.obj
c:\users\paul\downloads\myflappybird\visual studio\obj\x64\debug\framework_egc\gpubuffers.obj
c:\users\paul\downloads\myflappybird\visual studio\obj\x64\debug\framework_egc\inputcontroller.obj
c:\users\paul\downloads\myflappybird\visual studio\obj\x64\debug\framework_egc\gl.obj
c:\users\paul\downloads\myflappybird\visual studio\obj\x64\debug\framework_egc\game.obj
c:\users\paul\downloads\myflappybird\visual studio\obj\x64\debug\framework_egc\vc142.pdb
c:\users\paul\downloads\myflappybird\x64\debug\framework_egc.ilk
c:\users\paul\downloads\myflappybird\x64\debug\framework_egc.exe
c:\users\paul\downloads\myflappybird\x64\debug\framework_egc.pdb
c:\users\paul\downloads\myflappybird\visual studio\..\x64\debug\framework_egc.exe
c:\users\paul\downloads\myflappybird\visual studio\obj\x64\debug\framework_egc\framework_egc.tlog\cl.16444.write.1.tlog
c:\users\paul\downloads\myflappybird\visual studio\obj\x64\debug\framework_egc\framework_egc.tlog\cl.command.1.tlog
c:\users\paul\downloads\myflappybird\visual studio\obj\x64\debug\framework_egc\framework_egc.tlog\cl.read.1.tlog
c:\users\paul\downloads\myflappybird\visual studio\obj\x64\debug\framework_egc\framework_egc.tlog\link.command.1.tlog
c:\users\paul\downloads\myflappybird\visual studio\obj\x64\debug\framework_egc\framework_egc.tlog\link.read.1.tlog
c:\users\paul\downloads\myflappybird\visual studio\obj\x64\debug\framework_egc\framework_egc.tlog\link.write.1.tlog
